# JRE version: OpenJDK Runtime Environment Temurin-17.0.10+7 (17.0.10+7) (build 17.0.10+7)
# Java VM: OpenJDK 64-Bit Server VM Temurin-17.0.10+7 (17.0.10+7, mixed mode, tiered, compressed oops, compressed class ptrs, g1 gc, windows-amd64)
GC Precious Log:
 CPUs: 4 total, 4 available
 Memory: 3918M
 Large Page Support: Disabled
 NUMA Support: Disabled
 Compressed Oops: Enabled (32-bit)
 Heap Region Size: 1M
 Heap Min Capacity: 8M
 Heap Initial Capacity: 62M
 Heap Max Capacity: 980M
 Pre-touch: Disabled
 Parallel Workers: 4
 Concurrent Workers: 1
 Concurrent Refinement Workers: 4
 Periodic GC: Disabled
Heap:
 garbage-first heap   total 75776K, used 29844K [0x00000000c2c00000, 0x0000000100000000)
  region size 1024K, 9 young (9216K), 3 survivors (3072K)
 Metaspace       used 61242K, committed 61760K, reserved 1114112K
  class space    used 8187K, committed 8448K, reserved 1048576K
GC Heap History (20 events):
Event: 5.356 GC heap before
{Heap before GC invocations=7 (full 0):
 garbage-first heap   total 40960K, used 27649K [0x00000000c2c00000, 0x0000000100000000)
  region size 1024K, 16 young (16384K), 1 survivors (1024K)
 Metaspace       used 28182K, committed 28416K, reserved 1114112K
  class space    used 3420K, committed 3520K, reserved 1048576K
}
Event: 5.360 GC heap after
{Heap after GC invocations=8 (full 0):
 garbage-first heap   total 40960K, used 14148K [0x00000000c2c00000, 0x0000000100000000)
  region size 1024K, 2 young (2048K), 2 survivors (2048K)
 Metaspace       used 28182K, committed 28416K, reserved 1114112K
  class space    used 3420K, committed 3520K, reserved 1048576K
}
Event: 5.785 GC heap before
{Heap before GC invocations=8 (full 0):
 garbage-first heap   total 40960K, used 28484K [0x00000000c2c00000, 0x0000000100000000)
  region size 1024K, 16 young (16384K), 2 survivors (2048K)
 Metaspace       used 29791K, committed 30016K, reserved 1114112K
  class space    used 3625K, committed 3712K, reserved 1048576K
}
Event: 5.791 GC heap after
{Heap after GC invocations=9 (full 0):
 garbage-first heap   total 40960K, used 15309K [0x00000000c2c00000, 0x0000000100000000)
  region size 1024K, 2 young (2048K), 2 survivors (2048K)
 Metaspace       used 29791K, committed 30016K, reserved 1114112K
  class space    used 3625K, committed 3712K, reserved 1048576K
}
Event: 6.430 GC heap before
{Heap before GC invocations=9 (full 0):
 garbage-first heap   total 40960K, used 29645K [0x00000000c2c00000, 0x0000000100000000)
  region size 1024K, 16 young (16384K), 2 survivors (2048K)
 Metaspace       used 31704K, committed 32064K, reserved 1114112K
  class space    used 3912K, committed 4096K, reserved 1048576K
}
Event: 6.434 GC heap after
{Heap after GC invocations=10 (full 0):
 garbage-first heap   total 40960K, used 16245K [0x00000000c2c00000, 0x0000000100000000)
  region size 1024K, 2 young (2048K), 2 survivors (2048K)
 Metaspace       used 31704K, committed 32064K, reserved 1114112K
  class space    used 3912K, committed 4096K, reserved 1048576K
}
Event: 7.290 GC heap before
{Heap before GC invocations=10 (full 0):
 garbage-first heap   total 40960K, used 29557K [0x00000000c2c00000, 0x0000000100000000)
  region size 1024K, 16 young (16384K), 2 survivors (2048K)
 Metaspace       used 34506K, committed 34880K, reserved 1114112K
  class space    used 4304K, committed 4480K, reserved 1048576K
}
Event: 7.296 GC heap after
{Heap after GC invocations=11 (full 0):
 garbage-first heap   total 40960K, used 17574K [0x00000000c2c00000, 0x0000000100000000)
  region size 1024K, 2 young (2048K), 2 survivors (2048K)
 Metaspace       used 34506K, committed 34880K, reserved 1114112K
  class space    used 4304K, committed 4480K, reserved 1048576K
}
Event: 7.648 GC heap before
{Heap before GC invocations=11 (full 0):
 garbage-first heap   total 40960K, used 24742K [0x00000000c2c00000, 0x0000000100000000)
  region size 1024K, 10 young (10240K), 2 survivors (2048K)
 Metaspace       used 35934K, committed 36288K, reserved 1114112K
  class space    used 4543K, committed 4672K, reserved 1048576K
}
Event: 7.653 GC heap after
{Heap after GC invocations=12 (full 0):
 garbage-first heap   total 40960K, used 18599K [0x00000000c2c00000, 0x0000000100000000)
  region size 1024K, 1 young (1024K), 1 survivors (1024K)
 Metaspace       used 35934K, committed 36288K, reserved 1114112K
  class space    used 4543K, committed 4672K, reserved 1048576K
}
Event: 8.124 GC heap before
{Heap before GC invocations=13 (full 0):
 garbage-first heap   total 40960K, used 29863K [0x00000000c2c00000, 0x0000000100000000)
  region size 1024K, 13 young (13312K), 1 survivors (1024K)
 Metaspace       used 37849K, committed 38272K, reserved 1114112K
  class space    used 4755K, committed 4928K, reserved 1048576K
}
Event: 8.129 GC heap after
{Heap after GC invocations=14 (full 0):
 garbage-first heap   total 40960K, used 19230K [0x00000000c2c00000, 0x0000000100000000)
  region size 1024K, 2 young (2048K), 2 survivors (2048K)
 Metaspace       used 37849K, committed 38272K, reserved 1114112K
  class space    used 4755K, committed 4928K, reserved 1048576K
}
Event: 8.635 GC heap before
{Heap before GC invocations=14 (full 0):
 garbage-first heap   total 40960K, used 30494K [0x00000000c2c00000, 0x0000000100000000)
  region size 1024K, 14 young (14336K), 2 survivors (2048K)
 Metaspace       used 40974K, committed 41408K, reserved 1114112K
  class space    used 5075K, committed 5248K, reserved 1048576K
}
Event: 8.641 GC heap after
{Heap after GC invocations=15 (full 0):
 garbage-first heap   total 75776K, used 20291K [0x00000000c2c00000, 0x0000000100000000)
  region size 1024K, 2 young (2048K), 2 survivors (2048K)
 Metaspace       used 40974K, committed 41408K, reserved 1114112K
  class space    used 5075K, committed 5248K, reserved 1048576K
}
Event: 10.109 GC heap before
{Heap before GC invocations=15 (full 0):
 garbage-first heap   total 75776K, used 57155K [0x00000000c2c00000, 0x0000000100000000)
  region size 1024K, 38 young (38912K), 2 survivors (2048K)
 Metaspace       used 49591K, committed 50048K, reserved 1114112K
  class space    used 6365K, committed 6592K, reserved 1048576K
}
Event: 10.117 GC heap after
{Heap after GC invocations=16 (full 0):
 garbage-first heap   total 75776K, used 22407K [0x00000000c2c00000, 0x0000000100000000)
  region size 1024K, 4 young (4096K), 4 survivors (4096K)
 Metaspace       used 49591K, committed 50048K, reserved 1114112K
  class space    used 6365K, committed 6592K, reserved 1048576K
}
Event: 11.242 GC heap before
{Heap before GC invocations=16 (full 0):
 garbage-first heap   total 75776K, used 58247K [0x00000000c2c00000, 0x0000000100000000)
  region size 1024K, 39 young (39936K), 4 survivors (4096K)
 Metaspace       used 57188K, committed 57728K, reserved 1114112K
  class space    used 7384K, committed 7616K, reserved 1048576K
}
Event: 11.249 GC heap after
{Heap after GC invocations=17 (full 0):
 garbage-first heap   total 75776K, used 24117K [0x00000000c2c00000, 0x0000000100000000)
  region size 1024K, 4 young (4096K), 4 survivors (4096K)
 Metaspace       used 57188K, committed 57728K, reserved 1114112K
  class space    used 7384K, committed 7616K, reserved 1048576K
}
Event: 11.666 GC heap before
{Heap before GC invocations=17 (full 0):
 garbage-first heap   total 75776K, used 34357K [0x00000000c2c00000, 0x0000000100000000)
  region size 1024K, 15 young (15360K), 4 survivors (4096K)
 Metaspace       used 60432K, committed 60928K, reserved 1114112K
  class space    used 8001K, committed 8256K, reserved 1048576K
}
Event: 11.672 GC heap after
{Heap after GC invocations=18 (full 0):
 garbage-first heap   total 75776K, used 24724K [0x00000000c2c00000, 0x0000000100000000)
  region size 1024K, 3 young (3072K), 3 survivors (3072K)
 Metaspace       used 60432K, committed 60928K, reserved 1114112K
  class space    used 8001K, committed 8256K, reserved 1048576K
}

